Time[ps]    Etot/N[eV]   Epot/N[eV]   Ekin/N[eV]    T[K]
0.0000          -4.6201      -4.6598       0.0397   307.5
0.1000          -5.7444      -6.1793       0.4349  3364.3
0.2000          -6.2304      -6.4083       0.1779  1376.0
0.3000          -6.4132      -6.5048       0.0916   708.8
0.4000          -6.4786      -6.5395       0.0609   471.4
0.5000          -6.5028      -6.5542       0.0513   397.2
0.6000          -6.5154      -6.5558       0.0404   312.9
0.7000          -6.5190      -6.5622       0.0433   334.7
0.8000          -6.5203      -6.5628       0.0425   328.4
0.9000          -6.5189      -6.5549       0.0360   278.3
1.0000          -6.5156      -6.5575       0.0419   324.2
1.1000          -6.5188      -6.5613       0.0425   328.5
1.2000          -6.5185      -6.5557       0.0372   287.5
1.3000          -6.5188      -6.5579       0.0391   302.1
1.4000          -6.5214      -6.5621       0.0406   314.4
1.5000          -6.5169      -6.5564       0.0395   305.9
1.6000          -6.5199      -6.5568       0.0369   285.8
1.7000          -6.5195      -6.5619       0.0424   328.1
1.8000          -6.5207      -6.5625       0.0418   323.5
1.9000          -6.5174      -6.5632       0.0458   354.6
2.0000          -6.5161      -6.5583       0.0422   326.4
2.1000          -6.5170      -6.5570       0.0399   309.0
2.2000          -6.5190      -6.5575       0.0385   297.7
2.3000          -6.5219      -6.5603       0.0385   297.7
2.4000          -6.5219      -6.5604       0.0386   298.4
2.5000          -6.5216      -6.5627       0.0411   317.7
2.6000          -6.5198      -6.5594       0.0396   306.5
2.7000          -6.5202      -6.5579       0.0378   292.2
2.8000          -6.5211      -6.5644       0.0433   334.7
2.9000          -6.5199      -6.5613       0.0414   320.4
3.0000          -6.5223      -6.5616       0.0394   304.7
3.1000          -6.5218      -6.5628       0.0410   317.5
3.2000          -6.5228      -6.5614       0.0386   298.6
3.3000          -6.5220      -6.5639       0.0420   324.6
3.4000          -6.5212      -6.5583       0.0371   286.8
3.5000          -6.5151      -6.5589       0.0438   339.1
3.6000          -6.5190      -6.5577       0.0387   299.1
3.7000          -6.5174      -6.5604       0.0430   332.3
3.8000          -6.5198      -6.5615       0.0417   322.8
3.9000          -6.5204      -6.5583       0.0379   293.0
4.0000          -6.5199      -6.5602       0.0403   312.0
4.1000          -6.5093      -6.5514       0.0421   325.8
4.2000          -6.5169      -6.5602       0.0434   335.5
4.3000          -6.5186      -6.5553       0.0367   284.3
4.4000          -6.5151      -6.5576       0.0425   329.0
4.5000          -6.5171      -6.5581       0.0410   317.0
4.6000          -6.5113      -6.5572       0.0459   354.8
4.7000          -6.5093      -6.5463       0.0371   286.6
4.8000          -6.5081      -6.5547       0.0466   360.9
4.9000          -6.5120      -6.5571       0.0451   349.1
5.0000          -6.5179      -6.5608       0.0429   331.7
5.1000          -6.5198      -6.5623       0.0425   328.8
5.2000          -6.5206      -6.5625       0.0419   323.8
5.3000          -6.5213      -6.5604       0.0391   302.7
5.4000          -6.5211      -6.5595       0.0384   296.8
5.5000          -6.5214      -6.5605       0.0390   302.0
5.6000          -6.5191      -6.5611       0.0419   324.4
5.7000          -6.5206      -6.5612       0.0406   314.3
5.8000          -6.5184      -6.5609       0.0425   328.5
5.9000          -6.5111      -6.5540       0.0429   331.8
6.0000          -6.5117      -6.5568       0.0451   348.7
6.1000          -6.5089      -6.5548       0.0459   355.0
6.2000          -6.5124      -6.5552       0.0428   331.3
6.3000          -6.5151      -6.5551       0.0400   309.3
6.4000          -6.5173      -6.5585       0.0412   318.7
6.5000          -6.5152      -6.5568       0.0416   321.9
6.6000          -6.5149      -6.5623       0.0473   366.0
6.7000          -6.5181      -6.5606       0.0426   329.3
6.8000          -6.5148      -6.5589       0.0442   341.9
6.9000          -6.5095      -6.5518       0.0423   327.3
7.0000          -6.5158      -6.5578       0.0420   325.2
7.1000          -6.5154      -6.5551       0.0397   307.4
7.2000          -6.5081      -6.5565       0.0484   374.5
7.3000          -6.5159      -6.5557       0.0398   307.8
7.4000          -6.5153      -6.5556       0.0403   311.5
7.5000          -6.5139      -6.5581       0.0442   342.0
7.6000          -6.5199      -6.5628       0.0428   331.5
Time[ps]    Etot/N[eV]   Epot/N[eV]   Ekin/N[eV]    T[K]
0.0000          -4.6223      -4.6598       0.0376   290.6
0.1000          -5.7594      -6.1820       0.4226  3269.2
0.2000          -6.2295      -6.4205       0.1909  1477.2
0.3000          -6.4150      -6.5030       0.0880   680.8
0.4000          -6.4825      -6.5373       0.0549   424.4
0.5000          -6.5090      -6.5558       0.0468   362.4
0.6000          -6.5178      -6.5594       0.0416   321.8
0.7000          -6.5203      -6.5592       0.0389   300.9
0.8000          -6.5212      -6.5630       0.0419   323.8
0.9000          -6.5222      -6.5674       0.0452   349.9
1.0000          -6.5199      -6.5628       0.0429   332.2
1.1000          -6.5181      -6.5594       0.0413   319.6
1.2000          -6.5171      -6.5562       0.0391   302.7
1.3000          -6.5186      -6.5631       0.0445   343.9
1.4000          -6.5231      -6.5632       0.0401   310.6
1.5000          -6.5198      -6.5560       0.0361   279.5
1.6000          -6.5210      -6.5611       0.0401   310.0
1.7000          -6.5228      -6.5641       0.0413   319.5
1.8000          -6.5224      -6.5622       0.0398   307.5
1.9000          -6.5226      -6.5580       0.0354   273.9
2.0000          -6.5239      -6.5651       0.0412   318.7
2.1000          -6.5232      -6.5623       0.0391   302.2
2.2000          -6.5219      -6.5643       0.0423   327.4
2.3000          -6.5234      -6.5629       0.0394   304.9
2.4000          -6.5222      -6.5648       0.0426   329.7
2.5000          -6.5222      -6.5650       0.0428   331.2
2.6000          -6.5219      -6.5608       0.0389   301.1
2.7000          -6.5190      -6.5543       0.0353   273.0
2.8000          -6.5216      -6.5638       0.0422   326.3
2.9000          -6.5230      -6.5676       0.0447   345.5
3.0000          -6.5230      -6.5614       0.0383   296.5
3.1000          -6.5234      -6.5623       0.0389   301.1
3.2000          -6.5228      -6.5632       0.0404   312.6
3.3000          -6.5238      -6.5612       0.0374   289.4
3.4000          -6.5245      -6.5600       0.0356   275.2
3.5000          -6.5245      -6.5630       0.0385   297.8
3.6000          -6.5244      -6.5595       0.0351   271.3
3.7000          -6.5246      -6.5643       0.0398   307.6
3.8000          -6.5243      -6.5600       0.0357   276.1
3.9000          -6.5240      -6.5648       0.0409   316.1
4.0000          -6.5236      -6.5644       0.0408   315.6
4.1000          -6.5240      -6.5625       0.0384   297.3
4.2000          -6.5239      -6.5651       0.0412   318.7
4.3000          -6.5237      -6.5614       0.0377   291.5
4.4000          -6.5236      -6.5680       0.0445   344.1
4.5000          -6.5232      -6.5629       0.0397   306.9
4.6000          -6.5233      -6.5642       0.0409   316.3
4.7000          -6.5237      -6.5650       0.0412   319.1
4.8000          -6.5235      -6.5621       0.0386   298.6
4.9000          -6.5239      -6.5638       0.0398   308.2
5.0000          -6.5238      -6.5618       0.0380   294.1
5.1000          -6.5235      -6.5627       0.0392   303.0
5.2000          -6.5233      -6.5622       0.0389   300.6
5.3000          -6.5226      -6.5637       0.0411   318.1
5.4000          -6.5239      -6.5597       0.0358   276.9
5.5000          -6.5237      -6.5670       0.0433   334.7
5.6000          -6.5235      -6.5637       0.0403   311.5
5.7000          -6.5225      -6.5608       0.0383   296.1
5.8000          -6.5241      -6.5644       0.0403   311.8
5.9000          -6.5237      -6.5624       0.0386   299.0
6.0000          -6.5229      -6.5619       0.0390   301.9
6.1000          -6.5227      -6.5611       0.0384   296.7
6.2000          -6.5236      -6.5645       0.0409   316.7
6.3000          -6.5225      -6.5630       0.0405   313.5
6.4000          -6.5244      -6.5626       0.0382   295.7
6.5000          -6.5240      -6.5646       0.0406   313.8
6.6000          -6.5229      -6.5625       0.0396   306.7
6.7000          -6.5240      -6.5617       0.0377   291.6
6.8000          -6.5220      -6.5601       0.0380   294.3
6.9000          -6.5241      -6.5667       0.0427   330.0
7.0000          -6.5237      -6.5615       0.0378   292.1
7.1000          -6.5223      -6.5611       0.0388   300.5
7.2000          -6.5231      -6.5646       0.0415   321.0
7.3000          -6.5241      -6.5633       0.0392   303.4
7.4000          -6.5242      -6.5628       0.0387   299.3
7.5000          -6.5244      -6.5640       0.0396   306.6
7.6000          -6.5237      -6.5644       0.0407   314.6
7.7000          -6.5236      -6.5657       0.0421   325.4
7.8000          -6.5241      -6.5640       0.0400   309.1
7.9000          -6.5227      -6.5652       0.0425   328.5
8.0000          -6.5212      -6.5574       0.0362   280.2
8.1000          -6.5223      -6.5650       0.0428   330.8
8.2000          -6.5226      -6.5654       0.0428   331.3
8.3000          -6.5222      -6.5634       0.0412   318.7
8.4000          -6.5209      -6.5657       0.0449   347.1
8.5000          -6.5219      -6.5601       0.0382   295.2
8.6000          -6.5221      -6.5638       0.0417   322.6
8.7000          -6.5237      -6.5600       0.0362   280.4
8.8000          -6.5226      -6.5621       0.0395   305.8
8.9000          -6.5231      -6.5630       0.0399   308.6
9.0000          -6.5245      -6.5614       0.0369   285.5
9.1000          -6.5244      -6.5617       0.0373   288.8
9.2000          -6.5232      -6.5606       0.0374   289.6
9.3000          -6.5245      -6.5672       0.0427   330.4
9.4000          -6.5235      -6.5601       0.0366   283.5
9.5000          -6.5243      -6.5678       0.0434   336.1
9.6000          -6.5240      -6.5621       0.0381   294.8
9.7000          -6.5247      -6.5649       0.0402   311.3
9.8000          -6.5251      -6.5635       0.0383   296.6
9.9000          -6.5245      -6.5639       0.0394   304.9
10.0000         -6.5240      -6.5615       0.0376   290.6
